[Message:   BepInEx] BepInEx 5.4.22.0 - EscapeFromTarkov (10/14/2024 5:57:06 PM)
[Info   :   BepInEx] Running under Unity v0.14.9.3062
[Info   :   BepInEx] CLR runtime version: 4.0.30319.42000
[Info   :   BepInEx] Supports SRE: True
[Info   :   BepInEx] System platform: Bits64, Windows
[Message:   BepInEx] Preloader started
[Info   :   BepInEx] Loaded 1 patcher method from [BepInEx.Preloader 5.4.22.0]
[Info   :   BepInEx] Loaded 1 patcher method from [spt-prepatch 3.9.8.0]
[Info   :   BepInEx] 2 patcher plugins loaded
[Info   :   BepInEx] Patching [UnityEngine.CoreModule] with [BepInEx.Chainloader]
[Info   :   BepInEx] Patching [Assembly-CSharp] with [SPT.PrePatch.SPTPrePatcher]
[Message:   BepInEx] Preloader finished
[Message:   BepInEx] Chainloader ready
[Message:   BepInEx] Chainloader started
[Info   :   BepInEx] 13 plugins to load
[Info   :   BepInEx] Loading [Unity Toolkit 1.0.1]
[Info   :   BepInEx] Loading [Configuration Manager 18.0.1]
[Info   :   BepInEx] Loading [dvize.BackdoorBandit 1.9.0]
[Info   :ModulePatch] Enabled patch NewGamePatch
[Info   :ModulePatch] Enabled patch ApplyHit
[Info   :ModulePatch] Enabled patch ActionMenuDoorPatch
[Info   :ModulePatch] Enabled patch ActionMenuKeyCardPatch
[Info   :ModulePatch] Enabled patch PerfectCullingNullRefPatch
[Info   :   BepInEx] Loading [SPT.Core 3.9.8]
[Info   :  SPT.Core] Loading: SPT.Core
[Info   :ModulePatch] Enabled patch ConsistencySinglePatch
[Info   :ModulePatch] Enabled patch ConsistencyMultiPatch
[Info   :ModulePatch] Enabled patch GameValidationPatch
[Info   :ModulePatch] Enabled patch BattlEyePatch
[Info   :ModulePatch] Enabled patch SslCertificatePatch
[Info   :ModulePatch] Enabled patch UnityWebRequestPatch
[Info   :ModulePatch] Enabled patch WebSocketPatch
[Info   :ModulePatch] Enabled patch TransportPrefixPatch
[Info   :  SPT.Core] Completed: SPT.Core
[Info   :   BepInEx] Loading [DrakiaXYZ-Waypoints 1.5.2]
[Info   :ModulePatch] Enabled patch DebugPatch
[Info   :ModulePatch] Enabled patch WaypointPatch
[Info   :ModulePatch] Enabled patch DoorLinkPatch
[Info   :ModulePatch] Enabled patch DoorLinkStateChangePatch
[Info   :ModulePatch] Enabled patch SwitchDoorBlockerPatch
[Info   :ModulePatch] Enabled patch ExfilDoorBlockerPatch
[Info   :ModulePatch] Enabled patch FindPathPatch
[Info   :   BepInEx] Loading [dvize.Donuts 1.6.1]
[Info   :ModulePatch] Enabled patch NewGameDonutsPatch
[Info   :ModulePatch] Enabled patch BotGroupAddEnemyPatch
[Info   :ModulePatch] Enabled patch BotMemoryAddEnemyPatch
[Info   :ModulePatch] Enabled patch MatchEndPlayerDisposePatch
[Info   :ModulePatch] Enabled patch PatchStandbyTeleport
[Info   :ModulePatch] Enabled patch BotProfilePreparationHook
[Info   :ModulePatch] Enabled patch AddEnemyPatch
[Info   :ModulePatch] Enabled patch ShootDataNullRefPatch
[Info   :ModulePatch] Enabled patch CoverPointMasterNullRef
[Info   :ModulePatch] Enabled patch DelayedGameStartPatch
[Info   :ModulePatch] Enabled patch PlayerFireControlPatchGetter
[Info   :ModulePatch] Enabled patch PlayerFireControlPatchSetter
[Error  :DonutsPlugin] Config file not found: C:\SPT\BepInEx\plugins\dvize.Donuts\Config\DefaultPluginVars.json, creating a new one
[Info   :   BepInEx] Loading [SPT.Custom 3.9.8]
[Info   :SPT.Custom] Loading: SPT.Custom
[Info   :ModulePatch] Enabled patch EasyAssetsPatch
[Info   :ModulePatch] Enabled patch EasyBundlePatch
[Info   :ModulePatch] Enabled patch BossSpawnChancePatch
[Info   :ModulePatch] Enabled patch BotDifficultyPatch
[Info   :ModulePatch] Enabled patch CoreDifficultyPatch
[Info   :ModulePatch] Enabled patch OfflineRaidMenuPatch
[Info   :ModulePatch] Enabled patch OfflineRaidSettingsMenuPatch
[Info   :ModulePatch] Enabled patch VersionLabelPatch
[Info   :ModulePatch] Enabled patch IsEnemyPatch
[Info   :ModulePatch] Enabled patch BotCalledDataTryCallPatch
[Info   :ModulePatch] Enabled patch BotOwnerDisposePatch
[Info   :ModulePatch] Enabled patch LocationLootCacheBustingPatch
[Info   :ModulePatch] Enabled patch CheckAndAddEnemyPatch
[Info   :ModulePatch] Enabled patch BotSelfEnemyPatch
[Info   :ModulePatch] Enabled patch AddEnemyToAllGroupsInBotZonePatch
[Info   :ModulePatch] Enabled patch AirdropPatch
[Info   :ModulePatch] Enabled patch AirdropFlarePatch
[Info   :RequestHandler] [REQUEST]: /singleplayer/bossconvert
[Info   :RequestHandler] [REQUEST SUCCESSFUL] /singleplayer/bossconvert
[Info   :ModulePatch] Enabled patch CustomAiPatch
[Info   :ModulePatch] Enabled patch AddTraitorScavsPatch
[Info   :ModulePatch] Enabled patch ExitWhileLootingPatch
[Info   :ModulePatch] Enabled patch QTEPatch
[Info   :ModulePatch] Enabled patch PmcFirstAidPatch
[Info   :ModulePatch] Enabled patch SettingsLocationPatch
[Info   :ModulePatch] Enabled patch SetLocationIdOnRaidStartPatch
[Info   :ModulePatch] Enabled patch RagfairFeePatch
[Info   :ModulePatch] Enabled patch ScavQuestPatch
[Info   :ModulePatch] Enabled patch FixBrokenSpawnOnSandboxPatch
[Info   :ModulePatch] Enabled patch BTRControllerInitPatch
[Info   :ModulePatch] Enabled patch BTRPathLoadPatch
[Info   :ModulePatch] Enabled patch BTRActivateTraderDialogPatch
[Info   :ModulePatch] Enabled patch BTRInteractionPatch
[Info   :ModulePatch] Enabled patch BTRExtractPassengersPatch
[Info   :ModulePatch] Enabled patch BTRBotAttachPatch
[Info   :ModulePatch] Enabled patch BTRReceiveDamageInfoPatch
[Info   :ModulePatch] Enabled patch BTRTurretCanShootPatch
[Info   :ModulePatch] Enabled patch BTRTurretDefaultAimingPositionPatch
[Info   :ModulePatch] Enabled patch BTRIsDoorsClosedPath
[Info   :ModulePatch] Enabled patch BTRPatch
[Info   :ModulePatch] Enabled patch BTRTransferItemsPatch
[Info   :ModulePatch] Enabled patch BTREndRaidItemDeliveryPatch
[Info   :ModulePatch] Enabled patch BTRDestroyAtRaidEndPatch
[Warning:  HarmonyX] BTRVehicleMovementSpeedPatch: You should only patch implemented methods/constructors to avoid issues. Patch the declared method virtual void VehicleBase::Update() instead of virtual void VehicleBase::Update().
[Info   :ModulePatch] Enabled patch BTRVehicleMovementSpeedPatch
[Info   :ModulePatch] Enabled patch BTRPathConfigMapPrefixPatch
[Info   :ModulePatch] Enabled patch ScavItemCheckmarkPatch
[Info   :ModulePatch] Enabled patch ResetTraderServicesPatch
[Info   :ModulePatch] Enabled patch CultistAmuletRemovalPatch
[Info   :ModulePatch] Enabled patch HalloweenExtractPatch
[Info   :ModulePatch] Enabled patch ClampRagdollPatch
[Info   :ModulePatch] Enabled patch DisablePvEPatch
[Info   :ModulePatch] Enabled patch InsurancePlaceItem
[Info   :ModulePatch] Enabled patch FileCachePatch
[Info   :ModulePatch] Enabled patch PMCSpawnParamPatch
[Info   :ModulePatch] Enabled patch FixBotgroupMarkofTheUnknown
[Info   :SPT.Custom] Completed: SPT.Custom
[Info   :   BepInEx] Loading [spt.Singleplayer 3.9.8]
[Info   :spt.Singleplayer] Loading: SPT.SinglePlayer
[Info   :ModulePatch] Enabled patch OfflineSaveProfilePatch
[Info   :ModulePatch] Enabled patch ExperienceGainPatch
[Info   :ModulePatch] Enabled patch ScavExperienceGainPatch
[Info   :ModulePatch] Enabled patch MainMenuControllerPatch
[Info   :ModulePatch] Enabled patch PlayerPatch
[Info   :ModulePatch] Enabled patch SelectLocationScreenPatch
[Info   :ModulePatch] Enabled patch InsuranceScreenPatch
[Info   :ModulePatch] Enabled patch BotTemplateLimitPatch
[Info   :ModulePatch] Enabled patch GetNewBotTemplatesPatch
[Info   :ModulePatch] Enabled patch RemoveUsedBotProfilePatch
[Info   :ModulePatch] Enabled patch DogtagPatch
[Info   :ModulePatch] Enabled patch LoadOfflineRaidScreenPatch
[Info   :ModulePatch] Enabled patch ScavPrefabLoadPatch
[Info   :ModulePatch] Enabled patch ScavProfileLoadPatch
[Info   :ModulePatch] Enabled patch ScavExfilPatch
[Info   :ModulePatch] Enabled patch ExfilPointManagerPatch
[Info   :ModulePatch] Enabled patch TinnitusFixPatch
[Info   :ModulePatch] Enabled patch MaxBotPatch
[Info   :ModulePatch] Enabled patch SpawnPmcPatch
[Info   :ModulePatch] Enabled patch PostRaidHealingPricePatch
[Info   :ModulePatch] Enabled patch EndByTimerPatch
[Info   :ModulePatch] Enabled patch InRaidQuestAvailablePatch
[Info   :ModulePatch] Enabled patch PostRaidHealScreenPatch
[Info   :ModulePatch] Enabled patch VoIPTogglerPatch
[Info   :ModulePatch] Enabled patch MidRaidQuestChangePatch
[Info   :ModulePatch] Enabled patch HealthControllerPatch
[Info   :ModulePatch] Enabled patch LighthouseBridgePatch
[Info   :ModulePatch] Enabled patch LighthouseTransmitterPatch
[Info   :ModulePatch] Enabled patch EmptyInfilFixPatch
[Info   :ModulePatch] Enabled patch SmokeGrenadeFuseSoundFixPatch
[Info   :ModulePatch] Enabled patch PlayerToggleSoundFixPatch
[Info   :ModulePatch] Enabled patch PluginErrorNotifierPatch
[Info   :ModulePatch] Enabled patch SpawnProcessNegativeValuePatch
[Info   :ModulePatch] Enabled patch InsuredItemManagerStartPatch
[Info   :ModulePatch] Enabled patch MapReadyButtonPatch
[Info   :ModulePatch] Enabled patch LabsKeycardRemovalPatch
[Info   :ModulePatch] Enabled patch ScavLateStartPatch
[Info   :ModulePatch] Enabled patch GetTraderServicesPatch
[Info   :ModulePatch] Enabled patch PurchaseTraderServicePatch
[Info   :ModulePatch] Enabled patch ScavSellAllPriceStorePatch
[Info   :ModulePatch] Enabled patch ScavSellAllRequestPatch
[Info   :ModulePatch] Enabled patch HideoutQuestIgnorePatch
[Info   :ModulePatch] Enabled patch LightKeeperServicesPatch
[Info   :ModulePatch] Enabled patch ScavEncyclopediaPatch
[Info   :ModulePatch] Enabled patch ScavRepAdjustmentPatch
[Info   :ModulePatch] Enabled patch AmmoUsedCounterPatch
[Info   :ModulePatch] Enabled patch ArmorDamageCounterPatch
[Info   :ModulePatch] Enabled patch FixAchievementsPatch
[Info   :spt.Singleplayer] Completed: SPT.SinglePlayer
[Info   :   BepInEx] Loading [SPT.Debugging 3.9.8]
[Info   :SPT.Debugging] Loading: SPT.Debugging
[Info   :ModulePatch] Enabled patch EndRaidDebug
[Info   :ModulePatch] Enabled patch LoggerClassLogPatch
[Info   :SPT.Debugging] Completed: SPT.Debugging
[Info   :   BepInEx] Loading [Fika.Core 0.9.9015]
[Info   : Fika.Core] Received NatPunchServer config from server:
[Info   : Fika.Core] Enable: False
[Info   : Fika.Core] Port: 6790
[Info   : Fika.Core] NatIntroduceAmount: 1
[Info   :ModulePatch] Enabled patch FikaVersionLabel_Patch
[Info   :ModulePatch] Enabled patch DisableReadyButton_Patch
[Info   :ModulePatch] Enabled patch DisableInsuranceReadyButton_Patch
[Info   :ModulePatch] Enabled patch DisableMatchSettingsReadyButton_Patch
[Info   :ModulePatch] Enabled patch TarkovApplication_LocalGamePreparer_Patch
[Info   :ModulePatch] Enabled patch TarkovApplication_LocalGameCreator_Patch
[Info   :ModulePatch] Enabled patch DeathFade_Patch
[Info   :ModulePatch] Enabled patch NonWaveSpawnScenario_Patch
[Info   :ModulePatch] Enabled patch WaveSpawnScenario_Patch
[Info   :ModulePatch] Enabled patch WeatherNode_Patch
[Info   :ModulePatch] Enabled patch MatchmakerAcceptScreen_Awake_Patch
[Info   :ModulePatch] Enabled patch MatchmakerAcceptScreen_Show_Patch
[Info   :ModulePatch] Enabled patch Minefield_method_2_Patch
[Info   :ModulePatch] Enabled patch BotCacher_Patch
[Info   :ModulePatch] Enabled patch AbstractGame_InRaid_Patch
[Info   :ModulePatch] Enabled patch DisconnectButton_Patch
[Info   :ModulePatch] Enabled patch ChangeGameModeButton_Patch
[Info   :ModulePatch] Enabled patch MenuTaskBar_Patch
[Info   :ModulePatch] Enabled patch GameWorld_Create_Patch
[Info   :ModulePatch] Enabled patch World_AddSpawnQuestLootPacket_Patch
[Info   :ModulePatch] Enabled patch TOS_Patch
[Info   :ModulePatch] Disabled patch BotDifficultyPatch
[Info   :ModulePatch] Disabled patch AirdropPatch
[Info   :ModulePatch] Disabled patch AirdropFlarePatch
[Info   :ModulePatch] Disabled patch VersionLabelPatch
[Info   :ModulePatch] Disabled patch EmptyInfilFixPatch
[Info   :ModulePatch] Disabled patch OfflineSpawnPointPatch
[Info   :ModulePatch] Disabled patch BotTemplateLimitPatch
[Info   :ModulePatch] Disabled patch OfflineRaidSettingsMenuPatch
[Info   :ModulePatch] Disabled patch AddEnemyToAllGroupsInBotZonePatch
[Info   :ModulePatch] Disabled patch MaxBotPatch
[Info   :ModulePatch] Disabled patch LabsKeycardRemovalPatch
[Info   :ModulePatch] Disabled patch AmmoUsedCounterPatch
[Info   :ModulePatch] Disabled patch ArmorDamageCounterPatch
[Info   :ModulePatch] Disabled patch DogtagPatch
[Info   :ModulePatch] Disabled patch OfflineSaveProfilePatch
[Info   :ModulePatch] Disabled patch ScavRepAdjustmentPatch
[Info   :ModulePatch] Disabled patch DisablePvEPatch
[Info   :ModulePatch] Disabled patch ClampRagdollPatch
[Info   :ModulePatch] Disabled patch LighthouseBridgePatch
[Info   :ModulePatch] Disabled patch AddEnemyToAllGroupsInBotZonePatch
[Info   :ModulePatch] Disabled patch BTRInteractionPatch
[Info   :ModulePatch] Disabled patch BTRExtractPassengersPatch
[Info   :ModulePatch] Disabled patch BTRPatch
[Info   :ModulePatch] Enabled patch BotDifficultyPatch_Override
[Info   :ModulePatch] Enabled patch ScavProfileLoad_Override
[Info   :ModulePatch] Enabled patch MaxBotPatch_Override
[Info   :ModulePatch] Enabled patch BotTemplateLimitPatch_Override
[Info   :ModulePatch] Enabled patch OfflineRaidSettingsMenuPatch_Override
[Info   :ModulePatch] Enabled patch AddEnemyToAllGroupsInBotZonePatch_Override
[Info   :ModulePatch] Enabled patch AirdropBox_Patch
[Info   :ModulePatch] Enabled patch FikaAirdropFlare_Patch
[Info   :ModulePatch] Enabled patch LighthouseBridge_Patch
[Info   :ModulePatch] Enabled patch LighthouseMines_Patch
[Info   : Fika.Core] Received config from server:
[Info   : Fika.Core] UseBTR: True
[Info   : Fika.Core] FriendlyFire: True
[Info   : Fika.Core] DynamicVExfils: False
[Info   : Fika.Core] AllowFreeCam: False
[Info   : Fika.Core] AllowSpectateFreeCam: False
[Info   : Fika.Core] AllowItemSending: True
[Info   : Fika.Core] BlacklistedItems: 
[Info   : Fika.Core] ForceSaveOnDeath: False
[Info   : Fika.Core] UseInertia: True
[Info   : Fika.Core] SharedQuestProgression: False
[Info   : Fika.Core] Fika is loaded! Running version: 0.9.9015.15435
[Info   :RequestHandler] [REQUEST]: /singleplayer/airdrop/config
[Info   :RequestHandler] [REQUEST SUCCESSFUL] /singleplayer/airdrop/config
[Info   :RequestHandler] [REQUEST]: /singleplayer/settings/bot/difficulty/core/core
[Info   :RequestHandler] [REQUEST SUCCESSFUL] /singleplayer/settings/bot/difficulty/core/core
[Info   :ModulePatch] Enabled patch ItemContext_Patch
[Info   :   BepInEx] Loading [BossNotifier 1.5.1]
[Info   :ModulePatch] Enabled patch BossLocationSpawnPatch
[Info   :ModulePatch] Enabled patch NewGamePatch
[Info   :ModulePatch] Enabled patch BotBossPatch
[Info   :BossNotifier] Plugin BossNotifier is loaded!
[Info   :   BepInEx] Loading [DrakiaXYZ-BigBrain 1.1.0]
[Info   :DrakiaXYZ-BigBrain] Loading: DrakiaXYZ-BigBrain
[Info   :ModulePatch] Enabled patch BotBaseBrainActivatePatch
[Info   :ModulePatch] Enabled patch BotBrainCreateLogicNodePatch
[Info   :ModulePatch] Enabled patch BotBaseBrainUpdatePatch
[Info   :ModulePatch] Enabled patch BotAgentUpdatePatch
[Info   :ModulePatch] Enabled patch BotBaseBrainActivateLayerPatch
[Info   :ModulePatch] Enabled patch BotStandartBotBrainActivatePatch
[Info   :DrakiaXYZ-BigBrain] Completed: DrakiaXYZ-BigBrain
[Info   :   BepInEx] Loading [SAIN 3.1.0]
[Info   :ModulePatch] Enabled patch StopRefillMagsPatch
[Info   :ModulePatch] Enabled patch SetEnvironmentPatch
[Info   :ModulePatch] Enabled patch SetPanicPointPatch
[Info   :ModulePatch] Enabled patch AddPointToSearchPatch
[Info   :ModulePatch] Enabled patch TurnDamnLightOffPatch
[Info   :ModulePatch] Enabled patch GrenadeThrownActionPatch
[Info   :ModulePatch] Enabled patch GrenadeExplosionActionPatch
[Info   :ModulePatch] Enabled patch ShallKnowEnemyPatch
[Info   :ModulePatch] Enabled patch ShallKnowEnemyLatePatch
[Info   :ModulePatch] Enabled patch HaveSeenEnemyPatch
[Info   :ModulePatch] Enabled patch StopSetToNavMeshPatch
[Info   :ModulePatch] Enabled patch FightShallReloadFixPatch
[Info   :ModulePatch] Enabled patch EnableVaultPatch
[Info   :ModulePatch] Enabled patch BotMemoryAddEnemyPatch
[Info   :ModulePatch] Enabled patch BotGroupAddEnemyPatch
[Info   :ModulePatch] Enabled patch FixItemTakerPatch
[Info   :ModulePatch] Enabled patch FixItemTakerPatch2
[Info   :ModulePatch] Enabled patch RotateClampPatch
[Info   :ModulePatch] Enabled patch EncumberedPatch
[Info   :ModulePatch] Enabled patch DoorOpenerPatch
[Info   :ModulePatch] Enabled patch DoorDisabledPatch
[Info   :ModulePatch] Enabled patch CrawlPatch
[Info   :ModulePatch] Enabled patch CrawlPatch2
[Info   :ModulePatch] Enabled patch PoseStaminaPatch
[Info   :ModulePatch] Enabled patch AimStaminaPatch
[Info   :ModulePatch] Enabled patch GlobalShootSettingsPatch
[Info   :ModulePatch] Enabled patch GlobalLookPatch
[Info   :ModulePatch] Enabled patch TryPlayShootSoundPatch
[Info   :ModulePatch] Enabled patch OnMakingShotPatch
[Info   :ModulePatch] Enabled patch HearingSensorPatch
[Info   :ModulePatch] Enabled patch VoicePatch
[Info   :ModulePatch] Enabled patch GrenadeCollisionPatch
[Info   :ModulePatch] Enabled patch GrenadeCollisionPatch2
[Info   :ModulePatch] Enabled patch ToggleSoundPatch
[Info   :ModulePatch] Enabled patch SpawnInHandsSoundPatch
[Info   :ModulePatch] Enabled patch PlaySwitchHeadlightSoundPatch
[Info   :ModulePatch] Enabled patch BulletImpactPatch
[Info   :ModulePatch] Enabled patch TreeSoundPatch
[Info   :ModulePatch] Enabled patch DoorBreachSoundPatch
[Info   :ModulePatch] Enabled patch DoorOpenSoundPatch
[Info   :ModulePatch] Enabled patch FootstepSoundPatch
[Info   :ModulePatch] Enabled patch SprintSoundPatch
[Info   :ModulePatch] Enabled patch GenericMovementSoundPatch
[Info   :ModulePatch] Enabled patch JumpSoundPatch
[Info   :ModulePatch] Enabled patch DryShotPatch
[Info   :ModulePatch] Enabled patch ProneSoundPatch
[Info   :ModulePatch] Enabled patch SoundClipNameCheckerPatch
[Info   :ModulePatch] Enabled patch SoundClipNameCheckerPatch2
[Info   :ModulePatch] Enabled patch AimSoundPatch
[Info   :ModulePatch] Enabled patch LootingSoundPatch
[Info   :ModulePatch] Enabled patch SetInHandsGrenadePatch
[Info   :ModulePatch] Enabled patch SetInHandsFoodPatch
[Info   :ModulePatch] Enabled patch SetInHandsMedsPatch
[Info   :ModulePatch] Enabled patch JumpPainPatch
[Info   :ModulePatch] Enabled patch PlayerHurtPatch
[Info   :ModulePatch] Enabled patch PlayerTalkPatch
[Info   :ModulePatch] Enabled patch BotTalkPatch
[Info   :ModulePatch] Enabled patch BotTalkManualUpdatePatch
[Info   :ModulePatch] Enabled patch DisableLookUpdatePatch
[Info   :ModulePatch] Enabled patch UpdateLightEnablePatch
[Info   :ModulePatch] Enabled patch UpdateLightEnablePatch2
[Info   :ModulePatch] Enabled patch ToggleNightVisionPatch
[Info   :ModulePatch] Enabled patch SetPartPriorityPatch
[Info   :ModulePatch] Enabled patch GlobalLookSettingsPatch
[Info   :ModulePatch] Enabled patch WeatherTimeVisibleDistancePatch
[Info   :ModulePatch] Enabled patch NoAIESPPatch
[Info   :ModulePatch] Enabled patch BotLightTurnOnPatch
[Info   :ModulePatch] Enabled patch VisionSpeedPatch
[Info   :ModulePatch] Enabled patch VisionDistancePatch
[Info   :ModulePatch] Enabled patch CheckFlashlightPatch
[Info   :ModulePatch] Enabled patch DoHitAffectPatch
[Info   :ModulePatch] Enabled patch HitAffectApplyPatch
[Info   :ModulePatch] Enabled patch PlayerHitReactionDisablePatch
[Info   :ModulePatch] Enabled patch SetAimStatusPatch
[Info   :ModulePatch] Enabled patch AimOffsetPatch
[Info   :ModulePatch] Enabled patch AimTimePatch
[Info   :ModulePatch] Enabled patch ForceNoHeadAimPatch
[Info   :ModulePatch] Enabled patch AimRotateSpeedPatch
[Info   :ModulePatch] Enabled patch ResetGrenadePatch
[Info   :ModulePatch] Enabled patch SetGrenadePatch
[Info   :ModulePatch] Enabled patch FullAutoPatch
[Info   :ModulePatch] Enabled patch SemiAutoPatch
[Info   :ModulePatch] Enabled patch SemiAutoPatch2
[Info   :ModulePatch] Enabled patch SemiAutoPatch3
[Info   :ModulePatch] Enabled patch AddBotComponentPatch
[Info   :ModulePatch] Enabled patch AddGameWorldPatch
[Info   :ModulePatch] Enabled patch GetBotController
[Info   :ModulePatch] Enabled patch GetBotSpawner
[Message:   BepInEx] Chainloader startup complete
[Info   :RequestHandler] [REQUEST]: /singleplayer/settings/version
[Info   :RequestHandler] [REQUEST SUCCESSFUL] /singleplayer/settings/version
[Info   :RequestHandler] [REQUEST]: /singleplayer/release
[Info   :RequestHandler] [REQUEST SUCCESSFUL] /singleplayer/release
[Info   :RequestHandler] [REQUEST]: /singleplayer/enableBSGlogging
[Info   :RequestHandler] [REQUEST SUCCESSFUL] /singleplayer/enableBSGlogging
[Warning:DonutsPlugin] Loaded 12 Donuts Scenario Folders
[Warning:DonutsPlugin] Loaded 4 Donuts Scenario Folders
[Warning:DonutsPlugin] Loaded 12 Donuts Scenario Folders
[Warning:DonutsPlugin] Loaded 4 Donuts Scenario Folders
[Warning:DonutsPlugin] Adding scenario: live-like
[Warning:DonutsPlugin] Adding scenario: live-like-alt
[Warning:DonutsPlugin] Adding scenario: morescavs
[Warning:DonutsPlugin] Adding scenario: morepmcs
[Warning:DonutsPlugin] Adding scenario: crazyraids
[Warning:DonutsPlugin] Adding scenario: impossibleraids
[Warning:DonutsPlugin] Adding scenario: quietraids
[Warning:DonutsPlugin] Adding scenario: scav-raids
[Warning:DonutsPlugin] Adding scenario: starting-pmcs-only-live-like
[Warning:DonutsPlugin] Adding scenario: starting-pmcs-only-live-like-alt
[Warning:DonutsPlugin] Adding scenario: starting-pmcs-only-morescavs
[Warning:DonutsPlugin] Adding scenario: starting-pmcs-only-quietraids
[Warning:DonutsPlugin] Adding scenario: Live Like (Random)
[Warning:DonutsPlugin] Adding scenario: Starting PMCs Only (Random)
[Warning:DonutsPlugin] Adding scenario: A Whole Lotta SCAVs (Random)
[Warning:DonutsPlugin] Adding scenario: Death Wish (Random)
[Warning:DonutsPlugin] Loaded 16 PMC Scenarios and Finished Generating
[Warning:DonutsPlugin] Adding scenario: live-like
[Warning:DonutsPlugin] Adding scenario: live-like-alt
[Warning:DonutsPlugin] Adding scenario: morescavs
[Warning:DonutsPlugin] Adding scenario: morepmcs
[Warning:DonutsPlugin] Adding scenario: crazyraids
[Warning:DonutsPlugin] Adding scenario: impossibleraids
[Warning:DonutsPlugin] Adding scenario: quietraids
[Warning:DonutsPlugin] Adding scenario: scav-raids
[Warning:DonutsPlugin] Adding scenario: starting-pmcs-only-live-like
[Warning:DonutsPlugin] Adding scenario: starting-pmcs-only-live-like-alt
[Warning:DonutsPlugin] Adding scenario: starting-pmcs-only-morescavs
[Warning:DonutsPlugin] Adding scenario: starting-pmcs-only-quietraids
[Warning:DonutsPlugin] Adding scenario: Live Like (Random)
[Warning:DonutsPlugin] Adding scenario: Starting PMCs Only (Random)
[Warning:DonutsPlugin] Adding scenario: A Whole Lotta SCAVs (Random)
[Warning:DonutsPlugin] Adding scenario: Death Wish (Random)
[Warning:DonutsPlugin] Loaded 16 SCAV Scenarios and Finished Generating
[Info   :RequestHandler] [REQUEST]: /singleplayer/bundles
[Info   :RequestHandler] [REQUEST SUCCESSFUL] /singleplayer/bundles
[Info   :BundleManager] MOD: Loading locally C4Explosive.bundle
[Info   :BundleManager] MOD: Loading locally DoorBreacher.bundle
[Info   :BundleManager] MOD: Loading locally DoorBreacherBox.bundle
[Info   :RequestHandler] [REQUEST]: /singleplayer/settings/version
[Info   :RequestHandler] [REQUEST SUCCESSFUL] /singleplayer/settings/version
[Info   :ModulePatch] Server version: SPT 3.9.8 - a0c79a
[Info   :      SAIN] [SAIN.ModDetection] : [[CheckPlugins()]:] : [SAIN: Project Fika Detected.]
[Info   : Fika.Core] Server version check passed. Expected: >2.2.8, received: 2.2.8
[Info   :FikaModHandler] Loaded plugin: [Unity Toolkit] with GUID [com.Arys.UnityToolkit] and crc32 [2537187180]
[Info   :FikaModHandler] Loaded plugin: [Configuration Manager] with GUID [com.bepis.bepinex.configurationmanager] and crc32 [2453335703]
[Info   :FikaModHandler] Loaded plugin: [dvize.BackdoorBandit] with GUID [com.dvize.BackdoorBandit] and crc32 [1534146509]
[Info   :FikaModHandler] Loaded plugin: [SPT.Core] with GUID [com.SPT.core] and crc32 [4191002137]
[Info   :FikaModHandler] Loaded plugin: [DrakiaXYZ-Waypoints] with GUID [xyz.drakia.waypoints] and crc32 [2106618053]
[Info   :FikaModHandler] Loaded plugin: [dvize.Donuts] with GUID [com.dvize.Donuts] and crc32 [1778726574]
[Info   :FikaModHandler] Loaded plugin: [SPT.Custom] with GUID [com.SPT.custom] and crc32 [4105500996]
[Info   :FikaModHandler] Loaded plugin: [spt.Singleplayer] with GUID [com.SPT.singleplayer] and crc32 [1412309506]
[Info   :FikaModHandler] Loaded plugin: [SPT.Debugging] with GUID [com.SPT.debugging] and crc32 [392204029]
[Info   :FikaModHandler] Loaded plugin: [Fika.Core] with GUID [com.fika.core] and crc32 [2090863391]
[Info   :FikaModHandler] Loaded plugin: [BossNotifier] with GUID [Mattdokn.BossNotifier] and crc32 [3542675506]
[Info   :FikaModHandler] Loaded plugin: [DrakiaXYZ-BigBrain] with GUID [xyz.drakia.bigbrain] and crc32 [2017169171]
[Info   :FikaModHandler] Loaded plugin: [SAIN] with GUID [me.sol.sain] and crc32 [4183800089]
[Info   :RequestHandler] [REQUEST]: /fika/client/check/mods
[Info   :RequestHandler] [REQUEST SUCCESSFUL] /fika/client/check/mods
[Info   :RequestHandler] [REQUEST]: /singleplayer/log
[Info   :RequestHandler] [REQUEST SUCCESSFUL] /singleplayer/log
[Info   :RequestHandler] [REQUEST]: /singleplayer/log
[Info   :RequestHandler] [REQUEST SUCCESSFUL] /singleplayer/log
[Info   :RequestHandler] [REQUEST]: /singleplayer/log
[Info   :RequestHandler] [REQUEST SUCCESSFUL] /singleplayer/log
[Warning:DonutsPlugin] All changes saved.
